<?xml version="1.0" encoding="UTF-8"?>
<testsuite xmlns:xsi="http://www.w3.org/2001/XMLSchema-instance" xsi:noNamespaceSchemaLocation="https://maven.apache.org/surefire/maven-surefire-plugin/xsd/surefire-test-report-3.0.xsd" version="3.0" name="sk.malyp.GreetingTest" time="4.876" tests="1" errors="0" skipped="0" failures="0">
  <properties>
[...]
</properties>
  <testcase name="testJaxrs" classname="sk.malyp.GreetingTest" time="0.533">
    <system-out><![CDATA[&amp#27;[90mDownloading from &amp#27;[0mcentral&amp#27;[90m: https://repo.maven.apache.org/maven2/&amp#27;[0mio/quarkus/quarkus-resteasy-deployment/3.6.3/quarkus-resteasy-deployment-3.6.3.pom
Progress (1): quarkus-resteasy-deployment-3.6.3.pom (1.4/4.0 kB)Progress (1): quarkus-resteasy-deployment-3.6.3.pom (2.8/4.0 kB)Progress (1): quarkus-resteasy-deployment-3.6.3.pom (4.0 kB)                                                                Downloaded&amp#27;[90m from &amp#27;[0mcentral&amp#27;[90m: https://repo.maven.apache.org/maven2/&amp#27;[0mio/quarkus/quarkus-resteasy-deployment/3.6.3/quarkus-resteasy-deployment-3.6.3.pom&amp#27;[90m (4.0 kB at 18 kB/s)&amp#27;[0m
&amp#27;[90mDownloading from &amp#27;[0mcentral&amp#27;[90m: https://repo.maven.apache.org/maven2/&amp#27;[0mio/quarkus/quarkus-resteasy-server-common-deployment/3.6.3/quarkus-resteasy-server-common-deployment-3.6.3.pom
Progress (1): quarkus-resteasy-server-common-deployment-3.6.3.pom (1.4/2.3 kB)Progress (1): quarkus-resteasy-server-common-deployment-3.6.3.pom (2.3 kB)                                                                              Downloaded&amp#27;[90m from &amp#27;[0mcentral&amp#27;[90m: https://repo.maven.apache.org/maven2/&amp#27;[0mio/quarkus/quarkus-resteasy-server-common-deployment/3.6.3/quarkus-resteasy-server-common-deployment-3.6.3.pom&amp#27;[90m (2.3 kB at 122 kB/s)&amp#27;[0m
&amp#27;[90mDownloading from &amp#27;[0mcentral&amp#27;[90m: https://repo.maven.apache.org/maven2/&amp#27;[0mio/quarkus/quarkus-resteasy-common-deployment/3.6.3/quarkus-resteasy-common-deployment-3.6.3.pom
Progress (1): quarkus-resteasy-common-deployment-3.6.3.pom (1.4/1.8 kB)Progress (1): quarkus-resteasy-common-deployment-3.6.3.pom (1.8 kB)                                                                       Downloaded&amp#27;[90m from &amp#27;[0mcentral&amp#27;[90m: https://repo.maven.apache.org/maven2/&amp#27;[0mio/quarkus/quarkus-resteasy-common-deployment/3.6.3/quarkus-resteasy-common-deployment-3.6.3.pom&amp#27;[90m (1.8 kB at 114 kB/s)&amp#27;[0m
&amp#27;[90mDownloading from &amp#27;[0mcentral&amp#27;[90m: https://repo.maven.apache.org/maven2/&amp#27;[0mio/quarkus/quarkus-resteasy-common-spi/3.6.3/quarkus-resteasy-common-spi-3.6.3.pom
Progress (1): quarkus-resteasy-common-spi-3.6.3.pom (778 B)                                                           Downloaded&amp#27;[90m from &amp#27;[0mcentral&amp#27;[90m: https://repo.maven.apache.org/maven2/&amp#27;[0mio/quarkus/quarkus-resteasy-common-spi/3.6.3/quarkus-resteasy-common-spi-3.6.3.pom&amp#27;[90m (778 B at 35 kB/s)&amp#27;[0m
&amp#27;[90mDownloading from &amp#27;[0mcentral&amp#27;[90m: https://repo.maven.apache.org/maven2/&amp#27;[0mio/quarkus/quarkus-resteasy-server-common-spi/3.6.3/quarkus-resteasy-server-common-spi-3.6.3.pom
Progress (1): quarkus-resteasy-server-common-spi-3.6.3.pom (891 B)                                                                  Downloaded&amp#27;[90m from &amp#27;[0mcentral&amp#27;[90m: https://repo.maven.apache.org/maven2/&amp#27;[0mio/quarkus/quarkus-resteasy-server-common-spi/3.6.3/quarkus-resteasy-server-common-spi-3.6.3.pom&amp#27;[90m (891 B at 42 kB/s)&amp#27;[0m
&amp#27;[90mDownloading from &amp#27;[0mcentral&amp#27;[90m: https://repo.maven.apache.org/maven2/&amp#27;[0mio/quarkus/quarkus-undertow-spi/3.6.3/quarkus-undertow-spi-3.6.3.pom
Progress (1): quarkus-undertow-spi-3.6.3.pom (1.4/2.0 kB)Progress (1): quarkus-undertow-spi-3.6.3.pom (2.0 kB)                                                         Downloaded&amp#27;[90m from &amp#27;[0mcentral&amp#27;[90m: https://repo.maven.apache.org/maven2/&amp#27;[0mio/quarkus/quarkus-undertow-spi/3.6.3/quarkus-undertow-spi-3.6.3.pom&amp#27;[90m (2.0 kB at 113 kB/s)&amp#27;[0m
&amp#27;[90mDownloading from &amp#27;[0mcentral&amp#27;[90m: https://repo.maven.apache.org/maven2/&amp#27;[0morg/jboss/metadata/jboss-metadata-web/16.0.0.Final/jboss-metadata-web-16.0.0.Final.pom
Progress (1): jboss-metadata-web-16.0.0.Final.pom (1.4/4.6 kB)Progress (1): jboss-metadata-web-16.0.0.Final.pom (2.8/4.6 kB)Progress (1): jboss-metadata-web-16.0.0.Final.pom (4.1/4.6 kB)Progress (1): jboss-metadata-web-16.0.0.Final.pom (4.6 kB)                                                              Downloaded&amp#27;[90m from &amp#27;[0mcentral&amp#27;[90m: https://repo.maven.apache.org/maven2/&amp#27;[0morg/jboss/metadata/jboss-metadata-web/16.0.0.Final/jboss-metadata-web-16.0.0.Final.pom&amp#27;[90m (4.6 kB at 240 kB/s)&amp#27;[0m
&amp#27;[90mDownloading from &amp#27;[0mcentral&amp#27;[90m: https://repo.maven.apache.org/maven2/&amp#27;[0morg/jboss/metadata/jboss-as-parent-metadata/16.0.0.Final/jboss-as-parent-metadata-16.0.0.Final.pom
Progress (1): jboss-as-parent-metadata-16.0.0.Final.pom (1.4/18 kB)Progress (1): jboss-as-parent-metadata-16.0.0.Final.pom (2.8/18 kB)Progress (1): jboss-as-parent-metadata-16.0.0.Final.pom (4.1/18 kB)Progress (1): jboss-as-parent-metadata-16.0.0.Final.pom (5.5/18 kB)Progress (1): jboss-as-parent-metadata-16.0.0.Final.pom (6.9/18 kB)Progress (1): jboss-as-parent-metadata-16.0.0.Final.pom (8.3/18 kB)Progress (1): jboss-as-parent-metadata-16.0.0.Final.pom (9.7/18 kB)Progress (1): jboss-as-parent-metadata-16.0.0.Final.pom (11/18 kB) Progress (1): jboss-as-parent-metadata-16.0.0.Final.pom (12/18 kB)Progress (1): jboss-as-parent-metadata-16.0.0.Final.pom (14/18 kB)Progress (1): jboss-as-parent-metadata-16.0.0.Final.pom (15/18 kB)Progress (1): jboss-as-parent-metadata-16.0.0.Final.pom (16/18 kB)Progress (1): jboss-as-parent-metadata-16.0.0.Final.pom (17/18 kB)Progress (1): jboss-as-parent-metadata-16.0.0.Final.pom (18 kB)                                                                  Downloaded&amp#27;[90m from &amp#27;[0mcentral&amp#27;[90m: https://repo.maven.apache.org/maven2/&amp#27;[0morg/jboss/metadata/jboss-as-parent-metadata/16.0.0.Final/jboss-as-parent-metadata-16.0.0.Final.pom&amp#27;[90m (18 kB at 768 kB/s)&amp#27;[0m
&amp#27;[90mDownloading from &amp#27;[0mcentral&amp#27;[90m: https://repo.maven.apache.org/maven2/&amp#27;[0morg/jboss/metadata/jboss-metadata-common/16.0.0.Final/jboss-metadata-common-16.0.0.Final.pom
Progress (1): jboss-metadata-common-16.0.0.Final.pom (1.4/4.0 kB)Progress (1): jboss-metadata-common-16.0.0.Final.pom (2.8/4.0 kB)Progress (1): jboss-metadata-common-16.0.0.Final.pom (4.0 kB)                                                                 Downloaded&amp#27;[90m from &amp#27;[0mcentral&amp#27;[90m: https://repo.maven.apache.org/maven2/&amp#27;[0morg/jboss/metadata/jboss-metadata-common/16.0.0.Final/jboss-metadata-common-16.0.0.Final.pom&amp#27;[90m (4.0 kB at 210 kB/s)&amp#27;[0m
&amp#27;[90mDownloading from &amp#27;[0mcentral&amp#27;[90m: https://repo.maven.apache.org/maven2/&amp#27;[0mio/quarkus/quarkus-amazon-lambda-rest-deployment/3.6.3/quarkus-amazon-lambda-rest-deployment-3.6.3.pom
Progress (1): quarkus-amazon-lambda-rest-deployment-3.6.3.pom (1.4/2.7 kB)Progress (1): quarkus-amazon-lambda-rest-deployment-3.6.3.pom (2.7 kB)                                                                          Downloaded&amp#27;[90m from &amp#27;[0mcentral&amp#27;[90m: https://repo.maven.apache.org/maven2/&amp#27;[0mio/quarkus/quarkus-amazon-lambda-rest-deployment/3.6.3/quarkus-amazon-lambda-rest-deployment-3.6.3.pom&amp#27;[90m (2.7 kB at 122 kB/s)&amp#27;[0m
&amp#27;[90mDownloading from &amp#27;[0mcentral&amp#27;[90m: https://repo.maven.apache.org/maven2/&amp#27;[0mio/quarkus/quarkus-security-deployment/3.6.3/quarkus-security-deployment-3.6.3.pom
Progress (1): quarkus-security-deployment-3.6.3.pom (1.4/2.5 kB)Progress (1): quarkus-security-deployment-3.6.3.pom (2.5 kB)                                                                Downloaded&amp#27;[90m from &amp#27;[0mcentral&amp#27;[90m: https://repo.maven.apache.org/maven2/&amp#27;[0mio/quarkus/quarkus-security-deployment/3.6.3/quarkus-security-deployment-3.6.3.pom&amp#27;[90m (2.5 kB at 99 kB/s)&amp#27;[0m
&amp#27;[90mDownloading from &amp#27;[0mcentral&amp#27;[90m: https://repo.maven.apache.org/maven2/&amp#27;[0mio/quarkus/quarkus-amazon-lambda-deployment/3.6.3/quarkus-amazon-lambda-deployment-3.6.3.pom
Progress (1): quarkus-amazon-lambda-deployment-3.6.3.pom (1.4/2.1 kB)Progress (1): quarkus-amazon-lambda-deployment-3.6.3.pom (2.1 kB)                                                                     Downloaded&amp#27;[90m from &amp#27;[0mcentral&amp#27;[90m: https://repo.maven.apache.org/maven2/&amp#27;[0mio/quarkus/quarkus-amazon-lambda-deployment/3.6.3/quarkus-amazon-lambda-deployment-3.6.3.pom&amp#27;[90m (2.1 kB at 100 kB/s)&amp#27;[0m
&amp#27;[90mDownloading from &amp#27;[0mcentral&amp#27;[90m: https://repo.maven.apache.org/maven2/&amp#27;[0mio/quarkus/quarkus-amazon-lambda-common-deployment/3.6.3/quarkus-amazon-lambda-common-deployment-3.6.3.pom
Progress (1): quarkus-amazon-lambda-common-deployment-3.6.3.pom (1.4/2.4 kB)Progress (1): quarkus-amazon-lambda-common-deployment-3.6.3.pom (2.4 kB)                                                                            Downloaded&amp#27;[90m from &amp#27;[0mcentral&amp#27;[90m: https://repo.maven.apache.org/maven2/&amp#27;[0mio/quarkus/quarkus-amazon-lambda-common-deployment/3.6.3/quarkus-amazon-lambda-common-deployment-3.6.3.pom&amp#27;[90m (2.4 kB at 131 kB/s)&amp#27;[0m
&amp#27;[90mDownloading from &amp#27;[0mcentral&amp#27;[90m: https://repo.maven.apache.org/maven2/&amp#27;[0mio/quarkus/quarkus-jackson-deployment/3.6.3/quarkus-jackson-deployment-3.6.3.pom
Progress (1): quarkus-jackson-deployment-3.6.3.pom (1.4/2.1 kB)Progress (1): quarkus-jackson-deployment-3.6.3.pom (2.1 kB)                                                               Downloaded&amp#27;[90m from &amp#27;[0mcentral&amp#27;[90m: https://repo.maven.apache.org/maven2/&amp#27;[0mio/quarkus/quarkus-jackson-deployment/3.6.3/quarkus-jackson-deployment-3.6.3.pom&amp#27;[90m (2.1 kB at 133 kB/s)&amp#27;[0m
&amp#27;[90mDownloading from &amp#27;[0mcentral&amp#27;[90m: https://repo.maven.apache.org/maven2/&amp#27;[0mio/quarkus/quarkus-jackson-spi/3.6.3/quarkus-jackson-spi-3.6.3.pom
Progress (1): quarkus-jackson-spi-3.6.3.pom (829 B)                                                   Downloaded&amp#27;[90m from &amp#27;[0mcentral&amp#27;[90m: https://repo.maven.apache.org/maven2/&amp#27;[0mio/quarkus/quarkus-jackson-spi/3.6.3/quarkus-jackson-spi-3.6.3.pom&amp#27;[90m (829 B at 49 kB/s)&amp#27;[0m
&amp#27;[90mDownloading from &amp#27;[0mcentral&amp#27;[90m: https://repo.maven.apache.org/maven2/&amp#27;[0mio/quarkus/quarkus-amazon-lambda-event-server/3.6.3/quarkus-amazon-lambda-event-server-3.6.3.pom
Progress (1): quarkus-amazon-lambda-event-server-3.6.3.pom (1.4/1.9 kB)Progress (1): quarkus-amazon-lambda-event-server-3.6.3.pom (1.9 kB)                                                                       Downloaded&amp#27;[90m from &amp#27;[0mcentral&amp#27;[90m: https://repo.maven.apache.org/maven2/&amp#27;[0mio/quarkus/quarkus-amazon-lambda-event-server/3.6.3/quarkus-amazon-lambda-event-server-3.6.3.pom&amp#27;[90m (1.9 kB at 116 kB/s)&amp#27;[0m
&amp#27;[90mDownloading from &amp#27;[0mcentral&amp#27;[90m: https://repo.maven.apache.org/maven2/&amp#27;[0mio/quarkus/quarkus-amazon-lambda-rest-event-server/3.6.3/quarkus-amazon-lambda-rest-event-server-3.6.3.pom
Progress (1): quarkus-amazon-lambda-rest-event-server-3.6.3.pom (1.4/1.5 kB)Progress (1): quarkus-amazon-lambda-rest-event-server-3.6.3.pom (1.5 kB)                                                                            Downloaded&amp#27;[90m from &amp#27;[0mcentral&amp#27;[90m: https://repo.maven.apache.org/maven2/&amp#27;[0mio/quarkus/quarkus-amazon-lambda-rest-event-server/3.6.3/quarkus-amazon-lambda-rest-event-server-3.6.3.pom&amp#27;[90m (1.5 kB at 89 kB/s)&amp#27;[0m
&amp#27;[90mDownloading from &amp#27;[0mcentral&amp#27;[90m: https://repo.maven.apache.org/maven2/&amp#27;[0mio/quarkus/quarkus-resteasy-common-spi/3.6.3/quarkus-resteasy-common-spi-3.6.3.jar
Progress (1): quarkus-resteasy-common-spi-3.6.3.jar (9.0 kB)                                                            Downloaded&amp#27;[90m from &amp#27;[0mcentral&amp#27;[90m: https://repo.maven.apache.org/maven2/&amp#27;[0mio/quarkus/quarkus-resteasy-common-spi/3.6.3/quarkus-resteasy-common-spi-3.6.3.jar&amp#27;[90m (9.0 kB at 499 kB/s)&amp#27;[0m
&amp#27;[90mDownloading from &amp#27;[0mcentral&amp#27;[90m: https://repo.maven.apache.org/maven2/&amp#27;[0mio/quarkus/quarkus-resteasy-common-deployment/3.6.3/quarkus-resteasy-common-deployment-3.6.3.jar
Progress (1): quarkus-resteasy-common-deployment-3.6.3.jar (16/23 kB)Progress (1): quarkus-resteasy-common-deployment-3.6.3.jar (23 kB)                                                                     Downloaded&amp#27;[90m from &amp#27;[0mcentral&amp#27;[90m: https://repo.maven.apache.org/maven2/&amp#27;[0mio/quarkus/quarkus-resteasy-common-deployment/3.6.3/quarkus-resteasy-common-deployment-3.6.3.jar&amp#27;[90m (23 kB at 1.1 MB/s)&amp#27;[0m
&amp#27;[90mDownloading from &amp#27;[0mcentral&amp#27;[90m: https://repo.maven.apache.org/maven2/&amp#27;[0mio/quarkus/quarkus-resteasy-server-common-spi/3.6.3/quarkus-resteasy-server-common-spi-3.6.3.jar
Progress (1): quarkus-resteasy-server-common-spi-3.6.3.jar (5.5 kB)                                                                   Downloaded&amp#27;[90m from &amp#27;[0mcentral&amp#27;[90m: https://repo.maven.apache.org/maven2/&amp#27;[0mio/quarkus/quarkus-resteasy-server-common-spi/3.6.3/quarkus-resteasy-server-common-spi-3.6.3.jar&amp#27;[90m (5.5 kB at 260 kB/s)&amp#27;[0m
&amp#27;[90mDownloading from &amp#27;[0mcentral&amp#27;[90m: https://repo.maven.apache.org/maven2/&amp#27;[0morg/jboss/metadata/jboss-metadata-common/16.0.0.Final/jboss-metadata-common-16.0.0.Final.jar
Progress (1): jboss-metadata-common-16.0.0.Final.jar (16/567 kB)Progress (1): jboss-metadata-common-16.0.0.Final.jar (32/567 kB)Progress (1): jboss-metadata-common-16.0.0.Final.jar (49/567 kB)Progress (1): jboss-metadata-common-16.0.0.Final.jar (65/567 kB)Progress (1): jboss-metadata-common-16.0.0.Final.jar (81/567 kB)Progress (1): jboss-metadata-common-16.0.0.Final.jar (98/567 kB)Progress (1): jboss-metadata-common-16.0.0.Final.jar (114/567 kB)Progress (1): jboss-metadata-common-16.0.0.Final.jar (131/567 kB)Progress (1): jboss-metadata-common-16.0.0.Final.jar (147/567 kB)Progress (1): jboss-metadata-common-16.0.0.Final.jar (163/567 kB)Progress (1): jboss-metadata-common-16.0.0.Final.jar (180/567 kB)Progress (1): jboss-metadata-common-16.0.0.Final.jar (196/567 kB)Progress (1): jboss-metadata-common-16.0.0.Final.jar (212/567 kB)Progress (1): jboss-metadata-common-16.0.0.Final.jar (229/567 kB)Progress (1): jboss-metadata-common-16.0.0.Final.jar (245/567 kB)Progress (1): jboss-metadata-common-16.0.0.Final.jar (262/567 kB)Progress (1): jboss-metadata-common-16.0.0.Final.jar (278/567 kB)Progress (1): jboss-metadata-common-16.0.0.Final.jar (294/567 kB)Progress (1): jboss-metadata-common-16.0.0.Final.jar (311/567 kB)Progress (1): jboss-metadata-common-16.0.0.Final.jar (327/567 kB)Progress (1): jboss-metadata-common-16.0.0.Final.jar (344/567 kB)Progress (1): jboss-metadata-common-16.0.0.Final.jar (360/567 kB)Progress (1): jboss-metadata-common-16.0.0.Final.jar (376/567 kB)Progress (1): jboss-metadata-common-16.0.0.Final.jar (393/567 kB)Progress (1): jboss-metadata-common-16.0.0.Final.jar (402/567 kB)Progress (1): jboss-metadata-common-16.0.0.Final.jar (418/567 kB)Progress (1): jboss-metadata-common-16.0.0.Final.jar (435/567 kB)Progress (1): jboss-metadata-common-16.0.0.Final.jar (451/567 kB)Progress (1): jboss-metadata-common-16.0.0.Final.jar (468/567 kB)Progress (1): jboss-metadata-common-16.0.0.Final.jar (484/567 kB)Progress (1): jboss-metadata-common-16.0.0.Final.jar (500/567 kB)Progress (1): jboss-metadata-common-16.0.0.Final.jar (517/567 kB)Progress (1): jboss-metadata-common-16.0.0.Final.jar (533/567 kB)Progress (1): jboss-metadata-common-16.0.0.Final.jar (549/567 kB)Progress (1): jboss-metadata-common-16.0.0.Final.jar (566/567 kB)Progress (1): jboss-metadata-common-16.0.0.Final.jar (567 kB)                                                                 Downloaded&amp#27;[90m from &amp#27;[0mcentral&amp#27;[90m: https://repo.maven.apache.org/maven2/&amp#27;[0morg/jboss/metadata/jboss-metadata-common/16.0.0.Final/jboss-metadata-common-16.0.0.Final.jar&amp#27;[90m (567 kB at 6.8 MB/s)&amp#27;[0m
&amp#27;[90mDownloading from &amp#27;[0mcentral&amp#27;[90m: https://repo.maven.apache.org/maven2/&amp#27;[0morg/jboss/metadata/jboss-metadata-web/16.0.0.Final/jboss-metadata-web-16.0.0.Final.jar
Progress (1): jboss-metadata-web-16.0.0.Final.jar (16/593 kB)Progress (1): jboss-metadata-web-16.0.0.Final.jar (33/593 kB)Progress (1): jboss-metadata-web-16.0.0.Final.jar (49/593 kB)Progress (1): jboss-metadata-web-16.0.0.Final.jar (62/593 kB)Progress (1): jboss-metadata-web-16.0.0.Final.jar (79/593 kB)Progress (1): jboss-metadata-web-16.0.0.Final.jar (95/593 kB)Progress (1): jboss-metadata-web-16.0.0.Final.jar (112/593 kB)Progress (1): jboss-metadata-web-16.0.0.Final.jar (128/593 kB)Progress (1): jboss-metadata-web-16.0.0.Final.jar (144/593 kB)Progress (1): jboss-metadata-web-16.0.0.Final.jar (161/593 kB)Progress (1): jboss-metadata-web-16.0.0.Final.jar (177/593 kB)Progress (1): jboss-metadata-web-16.0.0.Final.jar (193/593 kB)Progress (1): jboss-metadata-web-16.0.0.Final.jar (210/593 kB)Progress (1): jboss-metadata-web-16.0.0.Final.jar (226/593 kB)Progress (1): jboss-metadata-web-16.0.0.Final.jar (243/593 kB)Progress (1): jboss-metadata-web-16.0.0.Final.jar (259/593 kB)Progress (1): jboss-metadata-web-16.0.0.Final.jar (275/593 kB)Progress (1): jboss-metadata-web-16.0.0.Final.jar (292/593 kB)Progress (1): jboss-metadata-web-16.0.0.Final.jar (308/593 kB)Progress (1): jboss-metadata-web-16.0.0.Final.jar (325/593 kB)Progress (1): jboss-metadata-web-16.0.0.Final.jar (341/593 kB)Progress (1): jboss-metadata-web-16.0.0.Final.jar (357/593 kB)Progress (1): jboss-metadata-web-16.0.0.Final.jar (374/593 kB)Progress (1): jboss-metadata-web-16.0.0.Final.jar (390/593 kB)Progress (1): jboss-metadata-web-16.0.0.Final.jar (406/593 kB)Progress (1): jboss-metadata-web-16.0.0.Final.jar (423/593 kB)Progress (1): jboss-metadata-web-16.0.0.Final.jar (439/593 kB)Progress (1): jboss-metadata-web-16.0.0.Final.jar (456/593 kB)Progress (1): jboss-metadata-web-16.0.0.Final.jar (472/593 kB)Progress (1): jboss-metadata-web-16.0.0.Final.jar (488/593 kB)Progress (1): jboss-metadata-web-16.0.0.Final.jar (505/593 kB)Progress (1): jboss-metadata-web-16.0.0.Final.jar (521/593 kB)Progress (1): jboss-metadata-web-16.0.0.Final.jar (538/593 kB)Progress (1): jboss-metadata-web-16.0.0.Final.jar (554/593 kB)Progress (1): jboss-metadata-web-16.0.0.Final.jar (570/593 kB)Progress (1): jboss-metadata-web-16.0.0.Final.jar (587/593 kB)Progress (1): jboss-metadata-web-16.0.0.Final.jar (593 kB)                                                              Downloaded&amp#27;[90m from &amp#27;[0mcentral&amp#27;[90m: https://repo.maven.apache.org/maven2/&amp#27;[0morg/jboss/metadata/jboss-metadata-web/16.0.0.Final/jboss-metadata-web-16.0.0.Final.jar&amp#27;[90m (593 kB at 11 MB/s)&amp#27;[0m
&amp#27;[90mDownloading from &amp#27;[0mcentral&amp#27;[90m: https://repo.maven.apache.org/maven2/&amp#27;[0mio/quarkus/quarkus-undertow-spi/3.6.3/quarkus-undertow-spi-3.6.3.jar
Progress (1): quarkus-undertow-spi-3.6.3.jar (16/23 kB)Progress (1): quarkus-undertow-spi-3.6.3.jar (23 kB)                                                       Downloaded&amp#27;[90m from &amp#27;[0mcentral&amp#27;[90m: https://repo.maven.apache.org/maven2/&amp#27;[0mio/quarkus/quarkus-undertow-spi/3.6.3/quarkus-undertow-spi-3.6.3.jar&amp#27;[90m (23 kB at 1.2 MB/s)&amp#27;[0m
&amp#27;[90mDownloading from &amp#27;[0mcentral&amp#27;[90m: https://repo.maven.apache.org/maven2/&amp#27;[0mio/quarkus/quarkus-resteasy-server-common-deployment/3.6.3/quarkus-resteasy-server-common-deployment-3.6.3.jar
Progress (1): quarkus-resteasy-server-common-deployment-3.6.3.jar (16/34 kB)Progress (1): quarkus-resteasy-server-common-deployment-3.6.3.jar (32/34 kB)Progress (1): quarkus-resteasy-server-common-deployment-3.6.3.jar (34 kB)                                                                            Downloaded&amp#27;[90m from &amp#27;[0mcentral&amp#27;[90m: https://repo.maven.apache.org/maven2/&amp#27;[0mio/quarkus/quarkus-resteasy-server-common-deployment/3.6.3/quarkus-resteasy-server-common-deployment-3.6.3.jar&amp#27;[90m (34 kB at 1.3 MB/s)&amp#27;[0m
&amp#27;[90mDownloading from &amp#27;[0mcentral&amp#27;[90m: https://repo.maven.apache.org/maven2/&amp#27;[0mio/quarkus/quarkus-resteasy-deployment/3.6.3/quarkus-resteasy-deployment-3.6.3.jar
Progress (1): quarkus-resteasy-deployment-3.6.3.jar (16/26 kB)Progress (1): quarkus-resteasy-deployment-3.6.3.jar (26 kB)                                                              Downloaded&amp#27;[90m from &amp#27;[0mcentral&amp#27;[90m: https://repo.maven.apache.org/maven2/&amp#27;[0mio/quarkus/quarkus-resteasy-deployment/3.6.3/quarkus-resteasy-deployment-3.6.3.jar&amp#27;[90m (26 kB at 1.5 MB/s)&amp#27;[0m
&amp#27;[90mDownloading from &amp#27;[0mcentral&amp#27;[90m: https://repo.maven.apache.org/maven2/&amp#27;[0mio/quarkus/quarkus-security-deployment/3.6.3/quarkus-security-deployment-3.6.3.jar
Progress (1): quarkus-security-deployment-3.6.3.jar (16/61 kB)Progress (1): quarkus-security-deployment-3.6.3.jar (32/61 kB)Progress (1): quarkus-security-deployment-3.6.3.jar (49/61 kB)Progress (1): quarkus-security-deployment-3.6.3.jar (61 kB)                                                              Downloaded&amp#27;[90m from &amp#27;[0mcentral&amp#27;[90m: https://repo.maven.apache.org/maven2/&amp#27;[0mio/quarkus/quarkus-security-deployment/3.6.3/quarkus-security-deployment-3.6.3.jar&amp#27;[90m (61 kB at 2.4 MB/s)&amp#27;[0m
&amp#27;[90mDownloading from &amp#27;[0mcentral&amp#27;[90m: https://repo.maven.apache.org/maven2/&amp#27;[0mio/quarkus/quarkus-jackson-spi/3.6.3/quarkus-jackson-spi-3.6.3.jar
Progress (1): quarkus-jackson-spi-3.6.3.jar (5.9 kB)                                                    Downloaded&amp#27;[90m from &amp#27;[0mcentral&amp#27;[90m: https://repo.maven.apache.org/maven2/&amp#27;[0mio/quarkus/quarkus-jackson-spi/3.6.3/quarkus-jackson-spi-3.6.3.jar&amp#27;[90m (5.9 kB at 366 kB/s)&amp#27;[0m
&amp#27;[90mDownloading from &amp#27;[0mcentral&amp#27;[90m: https://repo.maven.apache.org/maven2/&amp#27;[0mio/quarkus/quarkus-jackson-deployment/3.6.3/quarkus-jackson-deployment-3.6.3.jar
Progress (1): quarkus-jackson-deployment-3.6.3.jar (14 kB)                                                          Downloaded&amp#27;[90m from &amp#27;[0mcentral&amp#27;[90m: https://repo.maven.apache.org/maven2/&amp#27;[0mio/quarkus/quarkus-jackson-deployment/3.6.3/quarkus-jackson-deployment-3.6.3.jar&amp#27;[90m (14 kB at 834 kB/s)&amp#27;[0m
&amp#27;[90mDownloading from &amp#27;[0mcentral&amp#27;[90m: https://repo.maven.apache.org/maven2/&amp#27;[0mio/quarkus/quarkus-amazon-lambda-common-deployment/3.6.3/quarkus-amazon-lambda-common-deployment-3.6.3.jar
Progress (1): quarkus-amazon-lambda-common-deployment-3.6.3.jar (16/23 kB)Progress (1): quarkus-amazon-lambda-common-deployment-3.6.3.jar (23 kB)                                                                          Downloaded&amp#27;[90m from &amp#27;[0mcentral&amp#27;[90m: https://repo.maven.apache.org/maven2/&amp#27;[0mio/quarkus/quarkus-amazon-lambda-common-deployment/3.6.3/quarkus-amazon-lambda-common-deployment-3.6.3.jar&amp#27;[90m (23 kB at 1.4 MB/s)&amp#27;[0m
&amp#27;[90mDownloading from &amp#27;[0mcentral&amp#27;[90m: https://repo.maven.apache.org/maven2/&amp#27;[0mio/quarkus/quarkus-amazon-lambda-deployment/3.6.3/quarkus-amazon-lambda-deployment-3.6.3.jar
Progress (1): quarkus-amazon-lambda-deployment-3.6.3.jar (12 kB)                                                                Downloaded&amp#27;[90m from &amp#27;[0mcentral&amp#27;[90m: https://repo.maven.apache.org/maven2/&amp#27;[0mio/quarkus/quarkus-amazon-lambda-deployment/3.6.3/quarkus-amazon-lambda-deployment-3.6.3.jar&amp#27;[90m (12 kB at 522 kB/s)&amp#27;[0m
&amp#27;[90mDownloading from &amp#27;[0mcentral&amp#27;[90m: https://repo.maven.apache.org/maven2/&amp#27;[0mio/quarkus/quarkus-amazon-lambda-event-server/3.6.3/quarkus-amazon-lambda-event-server-3.6.3.jar
Progress (1): quarkus-amazon-lambda-event-server-3.6.3.jar (16 kB)                                                                  Downloaded&amp#27;[90m from &amp#27;[0mcentral&amp#27;[90m: https://repo.maven.apache.org/maven2/&amp#27;[0mio/quarkus/quarkus-amazon-lambda-event-server/3.6.3/quarkus-amazon-lambda-event-server-3.6.3.jar&amp#27;[90m (16 kB at 971 kB/s)&amp#27;[0m
&amp#27;[90mDownloading from &amp#27;[0mcentral&amp#27;[90m: https://repo.maven.apache.org/maven2/&amp#27;[0mio/quarkus/quarkus-amazon-lambda-rest-event-server/3.6.3/quarkus-amazon-lambda-rest-event-server-3.6.3.jar
Progress (1): quarkus-amazon-lambda-rest-event-server-3.6.3.jar (7.9 kB)                                                                        Downloaded&amp#27;[90m from &amp#27;[0mcentral&amp#27;[90m: https://repo.maven.apache.org/maven2/&amp#27;[0mio/quarkus/quarkus-amazon-lambda-rest-event-server/3.6.3/quarkus-amazon-lambda-rest-event-server-3.6.3.jar&amp#27;[90m (7.9 kB at 346 kB/s)&amp#27;[0m
&amp#27;[90mDownloading from &amp#27;[0mcentral&amp#27;[90m: https://repo.maven.apache.org/maven2/&amp#27;[0mio/quarkus/quarkus-amazon-lambda-rest-deployment/3.6.3/quarkus-amazon-lambda-rest-deployment-3.6.3.jar
Progress (1): quarkus-amazon-lambda-rest-deployment-3.6.3.jar (11 kB)                                                                     Downloaded&amp#27;[90m from &amp#27;[0mcentral&amp#27;[90m: https://repo.maven.apache.org/maven2/&amp#27;[0mio/quarkus/quarkus-amazon-lambda-rest-deployment/3.6.3/quarkus-amazon-lambda-rest-deployment-3.6.3.jar&amp#27;[90m (11 kB at 638 kB/s)&amp#27;[0m
&amp#27;[90mDownloading from &amp#27;[0mcentral&amp#27;[90m: https://repo.maven.apache.org/maven2/&amp#27;[0mio/quarkus/quarkus-bom-quarkus-platform-properties/3.6.3/quarkus-bom-quarkus-platform-properties-3.6.3.properties
Progress (1): quarkus-bom-quarkus-platform-properties-3.6.3.properties (45 B)                                                                             Downloaded&amp#27;[90m from &amp#27;[0mcentral&amp#27;[90m: https://repo.maven.apache.org/maven2/&amp#27;[0mio/quarkus/quarkus-bom-quarkus-platform-properties/3.6.3/quarkus-bom-quarkus-platform-properties-3.6.3.properties&amp#27;[90m (45 B at 1.9 kB/s)&amp#27;[0m
2023-12-20 09:40:15,933 INFO  [io.qua.ama.lam.run.MockEventServer] (build-6) Mock Lambda Event Server Started
2023-12-20 09:40:16,419 INFO  [io.qua.ama.lam.run.AbstractLambdaPollLoop] (Lambda Thread (TEST)) Listening on: http://localhost:8081/_lambda_/2018-06-01/runtime/invocation/next
2023-12-20 09:40:16,438 INFO  [io.quarkus] (main) quarkus-lambda-tutorial 1.0-SNAPSHOT on JVM (powered by Quarkus 3.6.3) started in 1.343s. 
2023-12-20 09:40:16,438 INFO  [io.quarkus] (main) Profile test activated. 
2023-12-20 09:40:16,438 INFO  [io.quarkus] (main) Installed features: [amazon-lambda, cdi, resteasy, security, smallrye-context-propagation, vertx]
]]></system-out>
  </testcase>
</testsuite>